Season non forced by data-file path ('public/uploads/isc20190526csiprova6.csv')...
Detected season ID=181 from file header date. Parsing file...
Season ID=181 stored in session.
Parsed header fields: [HeaderFieldsDAO: 'public/uploads/isc20190526csiprova6.csv' (prefix: isc), header:2019-05-26=>2018/2019, code:csiprova6]: edition: 19, ed.type:5, timing_type_id: 2)
Set-up of data-import session done.
Datafile: public/uploads/isc20190526csiprova6.csv
Acquired 323 data rows.

** UNIQUE Team names: **

CSInuoto OberFerrari
Cloromania SSD
Eden Sport
G.S.Guardia Finanza
Olympia Nuoto Team
Podium Nuoto
Reggiana Nuoto
Stella Azzurra
==== Tot. teams: 8 ====
Analyzing name by name...

==== Tot. swimmers: 137 ====
Analyzing name by name...
Prescan Swimmer names: 'BASIRICO` MATTEO' (2002, gender: M, 8/137) uncertain. 'Swimmer name Analysis' needed.
Prescan Swimmer names: 'BONORETTI VILLIAM' (1962, gender: M, 25/137) uncertain. 'Swimmer name Analysis' needed.
